<?xml version="1.0" encoding="UTF-8"?>
<!-- Generated by org.testng.reporters.JUnitReportReporter -->
<testsuite hostname="Nitishs-MacBook-Air.local" name="com.myComp.myTeam.testScript.TC_tv_002" tests="1" failures="0" timestamp="24 Nov 2019 17:03:12 GMT" time="4.371" errors="0">
  <testcase name="testCase" time="4.371" classname="com.myComp.myTeam.testScript.TC_tv_002"/>
</testsuite> <!-- com.myComp.myTeam.testScript.TC_tv_002 -->
